2021-06-09 10:54:27.496  INFO 10000 --- [restartedMain] lucky.yc.community.CommunityApplication  : Starting CommunityApplication on DESKTOP-T53IHVL with PID 10000 (started by Lucky BOSS in F:\桌面\learning\java\community)
2021-06-09 10:54:27.498  INFO 10000 --- [restartedMain] lucky.yc.community.CommunityApplication  : No active profile set, falling back to default profiles: default
2021-06-09 10:54:27.552  INFO 10000 --- [restartedMain] .e.DevToolsPropertyDefaultsPostProcessor : Devtools property defaults active! Set 'spring.devtools.add-properties' to 'false' to disable
2021-06-09 10:54:27.553  INFO 10000 --- [restartedMain] .e.DevToolsPropertyDefaultsPostProcessor : For additional web related logging consider setting the 'logging.level.web' property to 'DEBUG'
2021-06-09 10:54:27.664  WARN 10000 --- [background-preinit] o.s.h.c.j.Jackson2ObjectMapperBuilder    : For Jackson Kotlin classes support please add "com.fasterxml.jackson.module:jackson-module-kotlin" to the classpath
2021-06-09 10:54:29.165  INFO 10000 --- [restartedMain] o.s.b.w.embedded.tomcat.TomcatWebServer  : Tomcat initialized with port(s): 8887 (http)
2021-06-09 10:54:29.189  INFO 10000 --- [restartedMain] o.apache.catalina.core.StandardService   : Starting service [Tomcat]
2021-06-09 10:54:29.190  INFO 10000 --- [restartedMain] org.apache.catalina.core.StandardEngine  : Starting Servlet engine: [Apache Tomcat/9.0.17]
2021-06-09 10:54:29.332  INFO 10000 --- [restartedMain] o.a.c.c.C.[Tomcat].[localhost].[/]       : Initializing Spring embedded WebApplicationContext
2021-06-09 10:54:29.332  INFO 10000 --- [restartedMain] o.s.web.context.ContextLoader            : Root WebApplicationContext: initialization completed in 1778 ms
2021-06-09 10:54:30.190  INFO 10000 --- [restartedMain] o.f.c.internal.license.VersionPrinter    : Flyway Community Edition 5.2.4 by Boxfuse
2021-06-09 10:54:30.192  INFO 10000 --- [restartedMain] com.zaxxer.hikari.HikariDataSource       : HikariPool-1 - Starting...
2021-06-09 10:54:30.292  INFO 10000 --- [restartedMain] com.zaxxer.hikari.HikariDataSource       : HikariPool-1 - Start completed.
2021-06-09 10:54:30.294  INFO 10000 --- [restartedMain] o.f.c.internal.database.DatabaseFactory  : Database: jdbc:mysql://localhost:3306/community (MySQL 5.7)
2021-06-09 10:54:30.377  INFO 10000 --- [restartedMain] o.f.core.internal.command.DbValidate     : Successfully validated 15 migrations (execution time 00:00.034s)
2021-06-09 10:54:30.387  INFO 10000 --- [restartedMain] o.f.core.internal.command.DbMigrate      : Current version of schema `community`: 15
2021-06-09 10:54:30.388  INFO 10000 --- [restartedMain] o.f.core.internal.command.DbMigrate      : Schema `community` is up to date. No migration necessary.
2021-06-09 10:54:30.723  INFO 10000 --- [restartedMain] o.s.b.d.a.OptionalLiveReloadServer       : LiveReload server is running on port 35729
2021-06-09 10:54:30.779  INFO 10000 --- [restartedMain] o.s.b.w.embedded.tomcat.TomcatWebServer  : Tomcat started on port(s): 8887 (http) with context path ''
2021-06-09 10:54:30.782  INFO 10000 --- [restartedMain] lucky.yc.community.CommunityApplication  : Started CommunityApplication in 3.726 seconds (JVM running for 5.11)
2021-06-09 10:55:26.260  INFO 10000 --- [http-nio-8887-exec-1] o.a.c.c.C.[Tomcat].[localhost].[/]       : Initializing Spring DispatcherServlet 'dispatcherServlet'
2021-06-09 10:55:26.260  INFO 10000 --- [http-nio-8887-exec-1] o.s.web.servlet.DispatcherServlet        : Initializing Servlet 'dispatcherServlet'
2021-06-09 10:55:26.269  INFO 10000 --- [http-nio-8887-exec-1] o.s.web.servlet.DispatcherServlet        : Completed initialization in 9 ms
