#
# There is insufficient memory for the Java Runtime Environment to continue.
# Native memory allocation (malloc) failed to allocate 799584 bytes for Chunk::new
# Possible reasons:
#   The system is out of physical RAM or swap space
#   The process is running with CompressedOops enabled, and the Java Heap may be blocking the growth of the native heap
# Possible solutions:
#   Reduce memory load on the system
#   Increase physical memory or swap space
#   Check if swap backing store is full
#   Decrease Java heap size (-Xmx/-Xms)
#   Decrease number of Java threads
#   Decrease Java thread stack sizes (-Xss)
#   Set larger code cache with -XX:ReservedCodeCacheSize=
#   JVM is running with Zero Based Compressed Oops mode in which the Java heap is
#     placed in the first 32GB address space. The Java Heap base address is the
#     maximum limit for the native heap growth. Please use -XX:HeapBaseMinAddress
#     to set the Java Heap base and to place the Java Heap above 32GB virtual address.
# This output file may be truncated or incomplete.
#
#  Out of Memory Error (allocation.cpp:389), pid=10956, tid=0x0000000000004d7c
#
# JRE version: Java(TM) SE Runtime Environment (8.0_231-b11) (build 1.8.0_231-b11)
# Java VM: Java HotSpot(TM) 64-Bit Server VM (25.231-b11 mixed mode windows-amd64 compressed oops)
# Failed to write core dump. Minidumps are not enabled by default on client versions of Windows
#

---------------  T H R E A D  ---------------

Current thread (0x000000001ea1e000):  JavaThread "C2 CompilerThread1" daemon [_thread_in_native, id=19836, stack(0x0000000020010000,0x0000000020110000)]

Stack: [0x0000000020010000,0x0000000020110000]
[error occurred during error reporting (printing stack bounds), id 0xc0000005]

Native frames: (J=compiled Java code, j=interpreted, Vv=VM code, C=native code)


Current CompileTask:
C2:   2648 2997       4       java.io.WinNTFileSystem::normalize (143 bytes)


---------------  P R O C E S S  ---------------

Java Threads: ( => current thread )
  0x000000001eab2000 JavaThread "Service Thread" daemon [_thread_blocked, id=27528, stack(0x0000000020310000,0x0000000020410000)]
  0x000000001ea23000 JavaThread "C1 CompilerThread3" daemon [_thread_in_native, id=2304, stack(0x0000000020210000,0x0000000020310000)]
  0x000000001ea21000 JavaThread "C2 CompilerThread2" daemon [_thread_in_native, id=23532, stack(0x0000000020110000,0x0000000020210000)]
=>0x000000001ea1e000 JavaThread "C2 CompilerThread1" daemon [_thread_in_native, id=19836, stack(0x0000000020010000,0x0000000020110000)]
  0x000000001e9c6000 JavaThread "C2 CompilerThread0" daemon [_thread_in_native, id=19932, stack(0x000000001ff10000,0x0000000020010000)]
  0x000000001e9c4800 JavaThread "Attach Listener" daemon [_thread_blocked, id=19844, stack(0x000000001fe10000,0x000000001ff10000)]
  0x000000001ea1a800 JavaThread "Signal Dispatcher" daemon [_thread_blocked, id=26404, stack(0x000000001fd10000,0x000000001fe10000)]
  0x000000000371c000 JavaThread "Finalizer" daemon [_thread_blocked, id=20316, stack(0x000000001fc10000,0x000000001fd10000)]
  0x000000001d2dd800 JavaThread "Reference Handler" daemon [_thread_blocked, id=22576, stack(0x000000001fb10000,0x000000001fc10000)]
  0x0000000003622800 JavaThread "main" [_thread_in_Java, id=12604, stack(0x0000000003520000,0x0000000003620000)]

Other Threads:
  0x000000001d2d7000 VMThread [stack: 0x000000001fa10000,0x000000001fb10000] [id=12352]
  0x000000001eacf800 WatcherThread [stack: 0x0000000020410000,0x0000000020510000] [id=17308]

VM state:not at safepoint (normal execution)

VM Mutex/Monitor currently owned by a thread: None

heap address: 0x00000006c2400000, size: 4060 MB, Compressed Oops mode: Zero based, Oop shift amount: 3
Narrow klass base: 0x0000000000000000, Narrow klass shift: 3
Compressed class space size: 1073741824 Address: 0x00000007c0000000

Heap:
 PSYoungGen      total 75776K, used 14587K [0x000000076b700000, 0x0000000774b00000, 0x00000007c0000000)
  eden space 65024K, 5% used [0x000000076b700000,0x000000076bac6c68,0x000000076f680000)
  from space 10752K, 99% used [0x000000076f680000,0x00000007700f8080,0x0000000770100000)
  to   space 10752K, 0% used [0x0000000774080000,0x0000000774080000,0x0000000774b00000)
 ParOldGen       total 173568K, used 8558K [0x00000006c2400000, 0x00000006ccd80000, 0x000000076b700000)
  object space 173568K, 4% used [0x00000006c2400000,0x00000006c2c5b930,0x00000006ccd80000)
 Metaspace       used 16541K, capacity 16924K, committed 17280K, reserved 1064960K
  class space    used 1939K, capacity 2058K, committed 2176K, reserved 1048576K

Card table byte_map: [0x0000000012ae0000,0x00000000132d0000] byte_map_base: 0x000000000f4ce000

Marking Bits: (ParMarkBitMap*) 0x0000000059bc6d90
 Begin Bits: [0x0000000014220000, 0x0000000018190000)
 End Bits:   [0x0000000018190000, 0x000000001c100000)

Polling page: 0x0000000001440000

CodeCache: size=245760Kb used=10859Kb max_used=10859Kb free=234900Kb
 bounds [0x0000000003720000, 0x00000000041d0000, 0x0000000012720000]
 total_blobs=3433 nmethods=3069 adapters=275
 compilation: enabled

Compilation events (10 events):
Event: 2.625 Thread 0x000000001ea23000 3064       3       com.google.common.collect.CompactHashMap$Itr::<init> (37 bytes)
Event: 2.625 Thread 0x000000001ea23000 nmethod 3064 0x00000000041b5f10 code [0x00000000041b6080, 0x00000000041b6328]
Event: 2.625 Thread 0x000000001ea23000 3065       3       com.google.common.collect.LinkedHashMultimap::access$200 (6 bytes)
Event: 2.625 Thread 0x000000001ea23000 nmethod 3065 0x00000000041b6410 code [0x00000000041b65a0, 0x00000000041b68d8]
Event: 2.625 Thread 0x000000001ea23000 3067       1       org.codehaus.plexus.classworlds.realm.Entry::getClassLoader (5 bytes)
Event: 2.625 Thread 0x000000001ea23000 nmethod 3067 0x00000000041b6a50 code [0x00000000041b6ba0, 0x00000000041b6cb0]
Event: 2.625 Thread 0x000000001ea23000 3066       1       com.google.inject.internal.InternalContext::getDependency (5 bytes)
Event: 2.625 Thread 0x000000001ea23000 nmethod 3066 0x00000000041b6d10 code [0x00000000041b6e60, 0x00000000041b6f70]
Event: 2.634 Thread 0x000000001ea21000 nmethod 3004 0x00000000041bc910 code [0x00000000041bcca0, 0x00000000041bf860]
Event: 2.635 Thread 0x000000001ea21000 3045   !   4       sun.misc.URLClassPath$JarLoader::getResource (85 bytes)

GC Heap History (6 events):
Event: 1.062 GC heap before
{Heap before GC invocations=1 (full 0):
 PSYoungGen      total 75776K, used 65024K [0x000000076b700000, 0x0000000770b80000, 0x00000007c0000000)
  eden space 65024K, 100% used [0x000000076b700000,0x000000076f680000,0x000000076f680000)
  from space 10752K, 0% used [0x0000000770100000,0x0000000770100000,0x0000000770b80000)
  to   space 10752K, 0% used [0x000000076f680000,0x000000076f680000,0x0000000770100000)
 ParOldGen       total 173568K, used 0K [0x00000006c2400000, 0x00000006ccd80000, 0x000000076b700000)
  object space 173568K, 0% used [0x00000006c2400000,0x00000006c2400000,0x00000006ccd80000)
 Metaspace       used 11586K, capacity 11758K, committed 12032K, reserved 1060864K
  class space    used 1431K, capacity 1509K, committed 1536K, reserved 1048576K
Event: 1.071 GC heap after
Heap after GC invocations=1 (full 0):
 PSYoungGen      total 75776K, used 10730K [0x000000076b700000, 0x0000000770b80000, 0x00000007c0000000)
  eden space 65024K, 0% used [0x000000076b700000,0x000000076b700000,0x000000076f680000)
  from space 10752K, 99% used [0x000000076f680000,0x00000007700fa840,0x0000000770100000)
  to   space 10752K, 0% used [0x0000000770100000,0x0000000770100000,0x0000000770b80000)
 ParOldGen       total 173568K, used 16K [0x00000006c2400000, 0x00000006ccd80000, 0x000000076b700000)
  object space 173568K, 0% used [0x00000006c2400000,0x00000006c2404000,0x00000006ccd80000)
 Metaspace       used 11586K, capacity 11758K, committed 12032K, reserved 1060864K
  class space    used 1431K, capacity 1509K, committed 1536K, reserved 1048576K
}
Event: 1.887 GC heap before
{Heap before GC invocations=2 (full 0):
 PSYoungGen      total 75776K, used 75754K [0x000000076b700000, 0x0000000770b80000, 0x00000007c0000000)
  eden space 65024K, 100% used [0x000000076b700000,0x000000076f680000,0x000000076f680000)
  from space 10752K, 99% used [0x000000076f680000,0x00000007700fa840,0x0000000770100000)
  to   space 10752K, 0% used [0x0000000770100000,0x0000000770100000,0x0000000770b80000)
 ParOldGen       total 173568K, used 16K [0x00000006c2400000, 0x00000006ccd80000, 0x000000076b700000)
  object space 173568K, 0% used [0x00000006c2400000,0x00000006c2404000,0x00000006ccd80000)
 Metaspace       used 15509K, capacity 15744K, committed 16128K, reserved 1062912K
  class space    used 1860K, capacity 1946K, committed 2048K, reserved 1048576K
Event: 1.897 GC heap after
Heap after GC invocations=2 (full 0):
 PSYoungGen      total 75776K, used 10720K [0x000000076b700000, 0x0000000770b80000, 0x00000007c0000000)
  eden space 65024K, 0% used [0x000000076b700000,0x000000076b700000,0x000000076f680000)
  from space 10752K, 99% used [0x0000000770100000,0x0000000770b78060,0x0000000770b80000)
  to   space 10752K, 0% used [0x000000076f680000,0x000000076f680000,0x0000000770100000)
 ParOldGen       total 173568K, used 2955K [0x00000006c2400000, 0x00000006ccd80000, 0x000000076b700000)
  object space 173568K, 1% used [0x00000006c2400000,0x00000006c26e2fe0,0x00000006ccd80000)
 Metaspace       used 15509K, capacity 15744K, committed 16128K, reserved 1062912K
  class space    used 1860K, capacity 1946K, committed 2048K, reserved 1048576K
}
Event: 2.602 GC heap before
{Heap before GC invocations=3 (full 0):
 PSYoungGen      total 75776K, used 75744K [0x000000076b700000, 0x0000000770b80000, 0x00000007c0000000)
  eden space 65024K, 100% used [0x000000076b700000,0x000000076f680000,0x000000076f680000)
  from space 10752K, 99% used [0x0000000770100000,0x0000000770b78060,0x0000000770b80000)
  to   space 10752K, 0% used [0x000000076f680000,0x000000076f680000,0x0000000770100000)
 ParOldGen       total 173568K, used 2955K [0x00000006c2400000, 0x00000006ccd80000, 0x000000076b700000)
  object space 173568K, 1% used [0x00000006c2400000,0x00000006c26e2fe0,0x00000006ccd80000)
 Metaspace       used 16320K, capacity 16636K, committed 16896K, reserved 1064960K
  class space    used 1907K, capacity 2026K, committed 2048K, reserved 1048576K
Event: 2.613 GC heap after
Heap after GC invocations=3 (full 0):
 PSYoungGen      total 75776K, used 10720K [0x000000076b700000, 0x0000000774b00000, 0x00000007c0000000)
  eden space 65024K, 0% used [0x000000076b700000,0x000000076b700000,0x000000076f680000)
  from space 10752K, 99% used [0x000000076f680000,0x00000007700f8080,0x0000000770100000)
  to   space 10752K, 0% used [0x0000000774080000,0x0000000774080000,0x0000000774b00000)
 ParOldGen       total 173568K, used 8558K [0x00000006c2400000, 0x00000006ccd80000, 0x000000076b700000)
  object space 173568K, 4% used [0x00000006c2400000,0x00000006c2c5b930,0x00000006ccd80000)
 Metaspace       used 16320K, capacity 16636K, committed 16896K, reserved 1064960K
  class space    used 1907K, capacity 2026K, committed 2048K, reserved 1048576K
}

Deoptimization events (10 events):
Event: 2.492 Thread 0x0000000003622800 Uncommon trap: reason=unstable_if action=reinterpret pc=0x00000000040abdc4 method=org.apache.maven.repository.internal.ArtifactDescriptorReaderDelegate.convert(Lorg/apache/maven/model/Dependency;Lorg/eclipse/aether/artifact/ArtifactTypeRegistry;)Lorg/ecli
Event: 2.493 Thread 0x0000000003622800 Uncommon trap: reason=unstable_if action=reinterpret pc=0x0000000003f2c3b8 method=org.eclipse.aether.artifact.DefaultArtifact.merge(Ljava/util/Map;Ljava/util/Map;)Ljava/util/Map; @ 1
Event: 2.542 Thread 0x0000000003622800 Uncommon trap: reason=unstable_if action=reinterpret pc=0x0000000003e6674c method=org.codehaus.plexus.util.StringUtils.isNotEmpty(Ljava/lang/String;)Z @ 8
Event: 2.576 Thread 0x0000000003622800 Uncommon trap: reason=unstable_if action=reinterpret pc=0x0000000003a06cd0 method=java.io.Reader.read()I @ 12
Event: 2.586 Thread 0x0000000003622800 Uncommon trap: reason=unstable_if action=reinterpret pc=0x0000000003a03b94 method=java.io.Reader.read()I @ 12
Event: 2.596 Thread 0x0000000003622800 Uncommon trap: reason=class_check action=maybe_recompile pc=0x0000000003c0090c method=com.google.inject.internal.LinkedBindingImpl.acceptTargetVisitor(Lcom/google/inject/spi/BindingTargetVisitor;)Ljava/lang/Object; @ 2
Event: 2.596 Thread 0x0000000003622800 Uncommon trap: reason=class_check action=maybe_recompile pc=0x0000000003c0090c method=com.google.inject.internal.LinkedBindingImpl.acceptTargetVisitor(Lcom/google/inject/spi/BindingTargetVisitor;)Ljava/lang/Object; @ 2
Event: 2.620 Thread 0x0000000003622800 Uncommon trap: reason=class_check action=maybe_recompile pc=0x0000000003c0090c method=com.google.inject.internal.LinkedBindingImpl.acceptTargetVisitor(Lcom/google/inject/spi/BindingTargetVisitor;)Ljava/lang/Object; @ 2
Event: 2.620 Thread 0x0000000003622800 Uncommon trap: reason=class_check action=maybe_recompile pc=0x0000000003c0090c method=com.google.inject.internal.LinkedBindingImpl.acceptTargetVisitor(Lcom/google/inject/spi/BindingTargetVisitor;)Ljava/lang/Object; @ 2
Event: 2.622 Thread 0x0000000003622800 Uncommon trap: reason=null_check action=make_not_entrant pc=0x000000000416c2b4 method=com.google.inject.internal.InjectorImpl.enterContext()Lcom/google/inject/internal/InternalContext; @ 7

Classes redefined (0 events):
No events

Internal exceptions (10 events):
Event: 1.384 Thread 0x0000000003622800 Implicit null exception at 0x000000000396c316 to 0x000000000396c6c1
Event: 1.384 Thread 0x0000000003622800 Implicit null exception at 0x000000000391fe96 to 0x0000000003920239
Event: 1.512 Thread 0x0000000003622800 Implicit null exception at 0x0000000003cf7c2f to 0x0000000003cf8f59
Event: 1.627 Thread 0x0000000003622800 Implicit null exception at 0x0000000003d9a2af to 0x0000000003d9b5d5
Event: 1.705 Thread 0x0000000003622800 Implicit null exception at 0x0000000003d4350b to 0x0000000003d437b1
Event: 1.705 Thread 0x0000000003622800 Implicit null exception at 0x0000000003d6b3f4 to 0x0000000003d6bce9
Event: 1.705 Thread 0x0000000003622800 Implicit null exception at 0x0000000003ab9095 to 0x0000000003ab9295
Event: 1.705 Thread 0x0000000003622800 Implicit null exception at 0x0000000003aaac9b to 0x0000000003aab139
Event: 1.771 Thread 0x0000000003622800 Implicit null exception at 0x0000000003e637bc to 0x0000000003e643f5
Event: 2.622 Thread 0x0000000003622800 Implicit null exception at 0x000000000416be4f to 0x000000000416c2a5

Events (10 events):
Event: 2.637 Thread 0x0000000003622800 DEOPT PACKING pc=0x0000000003937634 sp=0x000000000361a2d0
Event: 2.637 Thread 0x0000000003622800 DEOPT UNPACKING pc=0x0000000003767890 sp=0x0000000003619f68 mode 0
Event: 2.638 loading class org/codehaus/plexus/component/configurator/converters/basic/StringBufferConverter
Event: 2.638 loading class org/codehaus/plexus/component/configurator/converters/basic/StringBufferConverter done
Event: 2.638 loading class org/codehaus/plexus/component/configurator/converters/basic/StringBuilderConverter
Event: 2.638 loading class org/codehaus/plexus/component/configurator/converters/basic/StringBuilderConverter done
Event: 2.638 loading class org/codehaus/plexus/component/configurator/converters/composite/ObjectWithFieldsConverter
Event: 2.638 loading class org/codehaus/plexus/component/configurator/converters/composite/ObjectWithFieldsConverter done
Event: 2.639 loading class org/apache/maven/plugin/DebugConfigurationListener
Event: 2.639 loading class org/apache/maven/plugin/DebugConfigurationListener done


Dynamic libraries:
0x00007ff6e7440000 - 0x00007ff6e7477000 	C:\Program Files\Java\jdk1.8.0_231\bin\java.exe
0x00007ff9549b0000 - 0x00007ff954ba5000 	C:\Windows\SYSTEM32\ntdll.dll
0x00007ff954410000 - 0x00007ff9544cd000 	C:\Windows\System32\KERNEL32.DLL
0x00007ff9525c0000 - 0x00007ff952889000 	C:\Windows\System32\KERNELBASE.dll
0x00007ff9541b0000 - 0x00007ff95425c000 	C:\Windows\System32\ADVAPI32.dll
0x00007ff9537e0000 - 0x00007ff95387e000 	C:\Windows\System32\msvcrt.dll
0x00007ff9544d0000 - 0x00007ff95456c000 	C:\Windows\System32\sechost.dll
0x00007ff954270000 - 0x00007ff95439b000 	C:\Windows\System32\RPCRT4.dll
0x00007ff953a00000 - 0x00007ff953ba0000 	C:\Windows\System32\USER32.dll
0x00007ff9523a0000 - 0x00007ff9523c2000 	C:\Windows\System32\win32u.dll
0x00007ff953cf0000 - 0x00007ff953d1a000 	C:\Windows\System32\GDI32.dll
0x00007ff9523d0000 - 0x00007ff9524db000 	C:\Windows\System32\gdi32full.dll
0x00007ff9528c0000 - 0x00007ff95295d000 	C:\Windows\System32\msvcp_win.dll
0x00007ff9520f0000 - 0x00007ff9521f0000 	C:\Windows\System32\ucrtbase.dll
0x00007ff93ee80000 - 0x00007ff93f11a000 	C:\Windows\WinSxS\amd64_microsoft.windows.common-controls_6595b64144ccf1df_6.0.19041.844_none_ca00b6081b84eb1d\COMCTL32.dll
0x00007ff953ba0000 - 0x00007ff953bd0000 	C:\Windows\System32\IMM32.DLL
0x0000000059c50000 - 0x0000000059d22000 	C:\Program Files\Java\jdk1.8.0_231\jre\bin\msvcr100.dll
0x00000000593a0000 - 0x0000000059c46000 	C:\Program Files\Java\jdk1.8.0_231\jre\bin\server\jvm.dll
0x00007ff954940000 - 0x00007ff954948000 	C:\Windows\System32\PSAPI.DLL
0x00007ff938790000 - 0x00007ff938799000 	C:\Windows\SYSTEM32\WSOCK32.dll
0x00007ff941410000 - 0x00007ff941437000 	C:\Windows\SYSTEM32\WINMM.dll
0x00007ff94baa0000 - 0x00007ff94baaa000 	C:\Windows\SYSTEM32\VERSION.dll
0x00007ff953930000 - 0x00007ff95399b000 	C:\Windows\System32\WS2_32.dll
0x00007ff942d00000 - 0x00007ff942d0f000 	C:\Program Files\Java\jdk1.8.0_231\jre\bin\verify.dll
0x00007ff9222a0000 - 0x00007ff9222c9000 	C:\Program Files\Java\jdk1.8.0_231\jre\bin\java.dll
0x00007ff933680000 - 0x00007ff933696000 	C:\Program Files\Java\jdk1.8.0_231\jre\bin\zip.dll
0x00007ff953090000 - 0x00007ff9537d2000 	C:\Windows\System32\SHELL32.dll
0x00007ff94ff30000 - 0x00007ff9506c0000 	C:\Windows\SYSTEM32\windows.storage.dll
0x00007ff953d20000 - 0x00007ff954075000 	C:\Windows\System32\combase.dll
0x00007ff951b60000 - 0x00007ff951b8c000 	C:\Windows\SYSTEM32\Wldp.dll
0x00007ff954100000 - 0x00007ff9541ae000 	C:\Windows\System32\SHCORE.dll
0x00007ff9539a0000 - 0x00007ff9539f5000 	C:\Windows\System32\shlwapi.dll
0x00007ff952030000 - 0x00007ff95204f000 	C:\Windows\SYSTEM32\profapi.dll
0x00007ff942cf0000 - 0x00007ff942cfa000 	D:\java_path\apache-maven-3.6.3\lib\jansi-native\windows64\jansi.dll
0x00007ff933640000 - 0x00007ff93365a000 	C:\Program Files\Java\jdk1.8.0_231\jre\bin\net.dll
0x00007ff9518e0000 - 0x00007ff95194a000 	C:\Windows\system32\mswsock.dll
0x00007ff9335e0000 - 0x00007ff9335f2000 	C:\Program Files\Java\jdk1.8.0_231\jre\bin\nio.dll

VM Arguments:
jvm_args: -Dclassworlds.conf=D:\java_path\apache-maven-3.6.3\bin\..\bin\m2.conf -Dmaven.home=D:\java_path\apache-maven-3.6.3\bin\.. -Dlibrary.jansi.path=D:\java_path\apache-maven-3.6.3\bin\..\lib\jansi-native -Dmaven.multiModuleProjectDirectory=F:\桌面\learning\java\community 
java_command: org.codehaus.plexus.classworlds.launcher.Launcher flyway:migrate
java_class_path (initial): D:\java_path\apache-maven-3.6.3\bin\..\boot\plexus-classworlds-2.6.0.jar
Launcher Type: SUN_STANDARD

Environment Variables:
JAVA_HOME=C:\Program Files\Java\jdk1.8.0_231
JRE_HOME=C:\Program Files\Java\jre1.8.0_261
PATH=C:\Program Files\Java\jdk1.8.0_231\bin;C:\Program Files (x86)\Common Files\Oracle\Java\javapath;C:\WINDOWS\System32\Wbem;C:\WINDOWS\System32\WindowsPowerShell\v1.0\;C:\WINDOWS\System32\OpenSSH\;C:\Users\Lucky BOSS\AppData\Local\Programs\Python\Python38-32\Scripts;C:\Users\Lucky BOSS\AppData\Local\Programs\Python\Python38-32;C:\Program Files\mysql-5.7.23-winx64;D:\App\wamp64\bin\mysql\mysql5.7.26\bin;C:\Users\Lucky BOSS\AppData\Roaming\npm1;mp64\bin;C:\Windows\System32;C:\Windows\System32\Wbem;C:\Windows\System32\WindowsPowerShell\v1.0;C:\Windows;C:\Program Files\dotnet\;E:\technology\ffmpeg-win64-static\bin;E:\technology\nginx-1.7.11.3-Gryphon;C:\Windows\system32;C:\Windows\System32\WindowsPowerShell\v1.0\;C:\Windows\System32\OpenSSH\;D:\App\nodejs\;D:\App\Git\cmd;C:\Program Files\Docker\Docker\resources\bin;C:\ProgramData\DockerDesktop\version-bin;C:\Program Files (x86)\Microsoft SQL Server\100\Tools\Binn\;C:\Program Files\Microsoft SQL Server\100\Tools\Binn\;C:\Program Files\Microsoft SQL Server\100\DTS\Binn\;C:\Program Files (x86)\Microsoft SQL Server\100\Tools\Binn\VSShell\Common7\IDE\;C:\Program Files (x86)\Microsoft SQL Server\100\DTS\Binn\;D:\java_path\apache-maven-3.6.3\bin;D:\App\PuTTY\;C:\Program Files\Java\jdk-11.0.711\bin;D:\App\apache-tomcat-9.0.38\bin;D:\App\Cygwin\bin;C:\Program Files (x86)\NVIDIA Corporation\PhysX\Common;C:\Program Files\NVIDIA Corporation\NVIDIA NvDLISR;C:\Program Files\MySQL\MySQL Server 5.7\bin;D:\App\5.14.2\msvc2017_64\bin;D:\App\5.14.2\msvc2017\bin;D:\App\CMake\bin;C:\Users\Lucky BOSS\AppData\Local\Microsoft\WindowsApps;D:\App\PhpStorm 2019.3.4\bin;C:\Users\Lucky BOSS\AppData\Local\Programs\Microsoft VS Code\bin;C:\Users\Lucky BOSS\platform-tools;D:\App\wamp64\bin;D:\App\nodejs\node_global;D:\App\PyCharm 2020.1\bin;D:\App\IntelliJ IDEA 2020.3.2\bin;
USERNAME=Lucky BOSS
OS=Windows_NT
PROCESSOR_IDENTIFIER=Intel64 Family 6 Model 158 Stepping 10, GenuineIntel



---------------  S Y S T E M  ---------------

OS: Windows 10.0 , 64 bit Build 19041 (10.0.19041.804)

CPU:total 12 (initial active 12) (6 cores per cpu, 2 threads per core) family 6 model 158 stepping 10, cmov, cx8, fxsr, mmx, sse, sse2, sse3, ssse3, sse4.1, sse4.2, popcnt, avx, avx2, aes, clmul, erms, 3dnowpref, lzcnt, ht, tsc, tscinvbit, bmi1, bmi2, adx

Memory: 4k page, physical 16626364k(1393276k free), swap 19621564k(5252k free)

vm_info: Java HotSpot(TM) 64-Bit Server VM (25.231-b11) for windows-amd64 JRE (1.8.0_231-b11), built on Oct  5 2019 03:11:30 by "java_re" with MS VC++ 10.0 (VS2010)

time: Sat Apr 10 17:33:17 2021
timezone: 中国标准时间
elapsed time: 2 seconds (0d 0h 0m 2s)

